2025-06-18 11:26:44.107 +03:00 [INF] User profile is available. Using 'C:\Users\saeed\AppData\Local\ASP.NET\DataProtection-Keys' as key repository and Windows DPAPI to encrypt keys at rest.
2025-06-18 11:26:44.218 +03:00 [INF] Now listening on: http://localhost:5253
2025-06-18 11:26:44.222 +03:00 [INF] Application started. Press Ctrl+C to shut down.
2025-06-18 11:26:44.224 +03:00 [INF] Hosting environment: Development
2025-06-18 11:26:44.225 +03:00 [INF] Content root path: C:\Users\saeed\villa-capital-projects\sukuk-investment-system\services\AccountService
2025-06-18 11:31:10.858 +03:00 [INF] Request starting HTTP/1.1 GET http://localhost:5253/swagger/v1/swagger.json - null null
2025-06-18 11:31:11.054 +03:00 [INF] Request finished HTTP/1.1 GET http://localhost:5253/swagger/v1/swagger.json - 200 null application/json;charset=utf-8 196.0055ms
2025-06-18 11:31:30.893 +03:00 [INF] Request starting HTTP/1.1 POST http://localhost:5253/api/Users/login - application/json 62
2025-06-18 11:31:30.914 +03:00 [WRN] Failed to determine the https port for redirect.
2025-06-18 11:31:30.992 +03:00 [INF] Executing endpoint 'UsersController.login (AccountService)'
2025-06-18 11:31:31.024 +03:00 [INF] Route matched with {action = "login", controller = "Users"}. Executing controller action with signature System.Threading.Tasks.Task`1[Microsoft.AspNetCore.Mvc.IActionResult] login(AccountService.Dtos.LoginDto) on controller UsersController (AccountService).
2025-06-18 11:31:35.763 +03:00 [INF] Executed DbCommand (279ms) [Parameters=[@__email_0='?'], CommandType='"Text"', CommandTimeout='30']
SELECT u."Id", u."Email", u."FirstName", u."LastName", u."PasswordHash", u."PhoneNumber"
FROM "Users" AS u
WHERE u."Email" = @__email_0
LIMIT 1
2025-06-18 11:31:36.064 +03:00 [INF] Executing CreatedAtRouteResult, writing value of type 'LoginResponseDto'.
2025-06-18 11:31:36.127 +03:00 [INF] Executed action UsersController.login (AccountService) in 5095.4363ms
2025-06-18 11:31:36.129 +03:00 [INF] Executed endpoint 'UsersController.login (AccountService)'
2025-06-18 11:31:36.145 +03:00 [INF] Request finished HTTP/1.1 POST http://localhost:5253/api/Users/login - 201 null application/json; charset=utf-8 5252.4268ms
2025-06-18 15:09:52.446 +03:00 [INF] Request starting HTTP/1.1 POST http://localhost:5253/api/Users/login - application/json 62
2025-06-18 15:09:52.456 +03:00 [INF] Executing endpoint 'UsersController.login (AccountService)'
2025-06-18 15:09:52.458 +03:00 [INF] Route matched with {action = "login", controller = "Users"}. Executing controller action with signature System.Threading.Tasks.Task`1[Microsoft.AspNetCore.Mvc.IActionResult] login(AccountService.Dtos.LoginDto) on controller UsersController (AccountService).
2025-06-18 15:09:54.711 +03:00 [INF] Executed DbCommand (226ms) [Parameters=[@__email_0='?'], CommandType='"Text"', CommandTimeout='30']
SELECT u."Id", u."Email", u."FirstName", u."LastName", u."PasswordHash", u."PhoneNumber"
FROM "Users" AS u
WHERE u."Email" = @__email_0
LIMIT 1
2025-06-18 15:09:54.782 +03:00 [INF] Executing CreatedAtRouteResult, writing value of type 'LoginResponseDto'.
2025-06-18 15:09:54.786 +03:00 [INF] Executed action UsersController.login (AccountService) in 2326.3272ms
2025-06-18 15:09:54.787 +03:00 [INF] Executed endpoint 'UsersController.login (AccountService)'
2025-06-18 15:09:54.788 +03:00 [INF] Request finished HTTP/1.1 POST http://localhost:5253/api/Users/login - 201 null application/json; charset=utf-8 2342.0955ms
