2025-06-17 15:22:20.481 +03:00 [INF] User profile is available. Using 'C:\Users\saeed\AppData\Local\ASP.NET\DataProtection-Keys' as key repository and Windows DPAPI to encrypt keys at rest.
2025-06-17 15:22:20.595 +03:00 [INF] Now listening on: http://localhost:5253
2025-06-17 15:22:20.599 +03:00 [INF] Application started. Press Ctrl+C to shut down.
2025-06-17 15:22:20.601 +03:00 [INF] Hosting environment: Development
2025-06-17 15:22:20.602 +03:00 [INF] Content root path: C:\Users\saeed\villa-capital-projects\sukuk-investment-system\services\AccountService
2025-06-17 15:22:27.830 +03:00 [INF] Request starting HTTP/1.1 GET http://localhost:5253/swagger/v1/swagger.json - null null
2025-06-17 15:22:27.967 +03:00 [INF] Request finished HTTP/1.1 GET http://localhost:5253/swagger/v1/swagger.json - 200 null application/json;charset=utf-8 137.9298ms
2025-06-17 15:24:58.933 +03:00 [INF] Request starting HTTP/1.1 POST http://localhost:5253/api/Users/login - application/json 62
2025-06-17 15:24:58.950 +03:00 [WRN] Failed to determine the https port for redirect.
2025-06-17 15:24:58.995 +03:00 [INF] Executing endpoint 'UsersController.login (AccountService)'
2025-06-17 15:24:59.038 +03:00 [INF] Route matched with {action = "login", controller = "Users"}. Executing controller action with signature System.Threading.Tasks.Task`1[Microsoft.AspNetCore.Mvc.IActionResult] login(AccountService.Dtos.LoginDto) on controller UsersController (AccountService).
2025-06-17 15:25:03.460 +03:00 [INF] Executed DbCommand (281ms) [Parameters=[@__email_0='?'], CommandType='"Text"', CommandTimeout='30']
SELECT u."Id", u."Email", u."FirstName", u."LastName", u."PasswordHash", u."PhoneNumber"
FROM "Users" AS u
WHERE u."Email" = @__email_0
LIMIT 1
2025-06-17 15:25:03.714 +03:00 [INF] Executing CreatedAtRouteResult, writing value of type 'LoginResponseDto'.
2025-06-17 15:25:03.753 +03:00 [INF] Executed action UsersController.login (AccountService) in 4707.1582ms
2025-06-17 15:25:03.755 +03:00 [INF] Executed endpoint 'UsersController.login (AccountService)'
2025-06-17 15:25:03.765 +03:00 [INF] Request finished HTTP/1.1 POST http://localhost:5253/api/Users/login - 201 null application/json; charset=utf-8 4832.7737ms
2025-06-17 16:50:28.319 +03:00 [INF] Application is shutting down...
